Using pre-set license
Built from '2020.3/staging' branch; Version is '2020.3.13f1 (71691879b7f5) revision 7432472'; Using compiler version '192528614'; Build Type 'Release'
OS: 'Windows 10 Enterprise; OS build 19042.1826; Version 2009; 64bit' Language: 'en' Physical Memory: 8087 MB
BatchMode: 1, IsHumanControllingUs: 0, StartBugReporterOnCrash: 0, Is64bit: 1, IsPro: 0

 COMMAND LINE ARGUMENTS:
D:\Unity Editor\2020.3.13f1\2020.3.13f1\Editor\Unity.exe
-adb2
-batchMode
-noUpm
-name
AssetImportWorker1
-projectPath
D:/Unity/Project/Snow Boarder
-logFile
Logs/AssetImportWorker1.log
-srvPort
60465
Successfully changed project path to: D:/Unity/Project/Snow Boarder
D:/Unity/Project/Snow Boarder
Using Asset Import Pipeline V2.
Refreshing native plugins compatible for Editor in 452.25 ms, found 3 plugins.
Preloading 0 native plugins for Editor in 0.00 ms.
Initialize engine version: 2020.3.13f1 (71691879b7f5)
[Subsystems] Discovering subsystems at path D:/Unity Editor/2020.3.13f1/2020.3.13f1/Editor/Data/Resources/UnitySubsystems
[Subsystems] Discovering subsystems at path D:/Unity/Project/Snow Boarder/Assets
GfxDevice: creating device client; threaded=0
Direct3D:
    Version:  Direct3D 11.0 [level 11.0]
    Renderer: NVIDIA GeForce 920M (ID=0x1299)
    Vendor:   
    VRAM:     2020 MB
    Driver:   23.21.13.8873
Initialize mono
Mono path[0] = 'D:/Unity Editor/2020.3.13f1/2020.3.13f1/Editor/Data/Managed'
Mono path[1] = 'D:/Unity Editor/2020.3.13f1/2020.3.13f1/Editor/Data/MonoBleedingEdge/lib/mono/unityjit'
Mono config path = 'D:/Unity Editor/2020.3.13f1/2020.3.13f1/Editor/Data/MonoBleedingEdge/etc'
Using monoOptions --debugger-agent=transport=dt_socket,embedding=1,server=y,suspend=n,address=127.0.0.1:56480
Begin MonoManager ReloadAssembly
Registering precompiled unity dll's ...
Register platform support module: D:/Unity Editor/2020.3.13f1/2020.3.13f1/Editor/Data/PlaybackEngines/WindowsStandaloneSupport/UnityEditor.WindowsStandalone.Extensions.dll
Registered in 0.001712 seconds.
Native extension for WindowsStandalone target not found
Refreshing native plugins compatible for Editor in 127.50 ms, found 3 plugins.
Preloading 0 native plugins for Editor in 0.00 ms.
Mono: successfully reloaded assembly
- Completed reload, in 26.671 seconds
Platform modules already initialized, skipping
Registering precompiled user dll's ...
Registered in 0.005103 seconds.
